#
# There is insufficient memory for the Java Runtime Environment to continue.
# Native memory allocation (malloc) failed to allocate 1048576 bytes for AllocateHeap
# Possible reasons:
#   The system is out of physical RAM or swap space
#   In 32 bit mode, the process size limit was hit
# Possible solutions:
#   Reduce memory load on the system
#   Increase physical memory or swap space
#   Check if swap backing store is full
#   Use 64 bit Java on a 64 bit OS
#   Decrease Java heap size (-Xmx/-Xms)
#   Decrease number of Java threads
#   Decrease Java thread stack sizes (-Xss)
#   Set larger code cache with -XX:ReservedCodeCacheSize=
# This output file may be truncated or incomplete.
#
#  Out of Memory Error (memory/allocation.inline.hpp:61), pid=6696, tid=0x0000000000003330
#
# JRE version:  (8.0_101-b13) (build )
# Java VM: Java HotSpot(TM) 64-Bit Server VM (25.101-b13 mixed mode windows-amd64 compressed oops)
# Failed to write core dump. Minidumps are not enabled by default on client versions of Windows
#

---------------  T H R E A D  ---------------

Current thread (0x00000000031ae000):  JavaThread "Unknown thread" [_thread_in_vm, id=13104, stack(0x0000000004a10000,0x0000000004b10000)]

Stack: [0x0000000004a10000,0x0000000004b10000]
[error occurred during error reporting (printing stack bounds), id 0xc0000005]

Native frames: (J=compiled Java code, j=interpreted, Vv=VM code, C=native code)


---------------  P R O C E S S  ---------------

Java Threads: ( => current thread )

Other Threads:

=>0x00000000031ae000 (exited) JavaThread "Unknown thread" [_thread_in_vm, id=13104, stack(0x0000000004a10000,0x0000000004b10000)]

VM state:not at safepoint (normal execution)

VM Mutex/Monitor currently owned by a thread: None

Heap:
 PSYoungGen      total 38400K, used 665K [0x00000000d5d80000, 0x00000000d8800000, 0x0000000100000000)
  eden space 33280K, 2% used [0x00000000d5d80000,0x00000000d5e26670,0x00000000d7e00000)
  from space 5120K, 0% used [0x00000000d8300000,0x00000000d8300000,0x00000000d8800000)
  to   space 5120K, 0% used [0x00000000d7e00000,0x00000000d7e00000,0x00000000d8300000)
 ParOldGen       total 87552K, used 0K [0x0000000081800000, 0x0000000086d80000, 0x00000000d5d80000)
  object space 87552K, 0% used [0x0000000081800000,0x0000000081800000,0x0000000086d80000)
 Metaspace       used 769K, capacity 4480K, committed 4480K, reserved 1056768K
  class space    used 75K, capacity 384K, committed 384K, reserved 1048576K

Card table byte_map: [0x0000000013fd0000,0x00000000143d0000] byte_map_base: 0x0000000013bc4000

Marking Bits: (ParMarkBitMap*) 0x000000006faea6d0
 Begin Bits: [0x0000000014a80000, 0x0000000016a20000)
 End Bits:   [0x0000000016a20000, 0x00000000189c0000)

Polling page: 0x0000000002c60000

CodeCache: size=245760Kb used=328Kb max_used=328Kb free=245431Kb
 bounds [0x0000000004c10000, 0x0000000004e80000, 0x0000000013c10000]
 total_blobs=58 nmethods=0 adapters=38
 compilation: enabled

Compilation events (0 events):
No events

GC Heap History (0 events):
No events

Deoptimization events (0 events):
No events

Internal exceptions (0 events):
No events

Events (10 events):
Event: 0.021 loading class java/lang/Short
Event: 0.021 loading class java/lang/Short done
Event: 0.021 loading class java/lang/Integer
Event: 0.021 loading class java/lang/Integer done
Event: 0.021 loading class java/lang/Long
Event: 0.021 loading class java/lang/Long done
Event: 0.022 loading class java/lang/NullPointerException
Event: 0.022 loading class java/lang/NullPointerException done
Event: 0.022 loading class java/lang/ArithmeticException
Event: 0.022 loading class java/lang/ArithmeticException done


Dynamic libraries:
0x00007ff65b710000 - 0x00007ff65b747000 	C:\Program Files\Java\jdk1.8.0_101\bin\java.exe
0x00007ffa756e0000 - 0x00007ffa758c0000 	C:\WINDOWS\SYSTEM32\ntdll.dll
0x00007ffa73970000 - 0x00007ffa73a1e000 	C:\WINDOWS\System32\KERNEL32.DLL
0x00007ffa726f0000 - 0x00007ffa72956000 	C:\WINDOWS\System32\KERNELBASE.dll
0x00007ffa73c30000 - 0x00007ffa73cd1000 	C:\WINDOWS\System32\ADVAPI32.dll
0x00007ffa73a20000 - 0x00007ffa73abd000 	C:\WINDOWS\System32\msvcrt.dll
0x00007ffa72e50000 - 0x00007ffa72eab000 	C:\WINDOWS\System32\sechost.dll
0x00007ffa72eb0000 - 0x00007ffa72fcf000 	C:\WINDOWS\System32\RPCRT4.dll
0x00007ffa72bb0000 - 0x00007ffa72d3f000 	C:\WINDOWS\System32\USER32.dll
0x00007ffa72b90000 - 0x00007ffa72bb0000 	C:\WINDOWS\System32\win32u.dll
0x00007ffa73e50000 - 0x00007ffa73e78000 	C:\WINDOWS\System32\GDI32.dll
0x00007ffa724b0000 - 0x00007ffa72644000 	C:\WINDOWS\System32\gdi32full.dll
0x00007ffa72650000 - 0x00007ffa726eb000 	C:\WINDOWS\System32\msvcp_win.dll
0x00007ffa72960000 - 0x00007ffa72a56000 	C:\WINDOWS\System32\ucrtbase.dll
0x00007ffa65a50000 - 0x00007ffa65cb9000 	C:\WINDOWS\WinSxS\amd64_microsoft.windows.common-controls_6595b64144ccf1df_6.0.16299.64_none_cc9304e22215ca8f\COMCTL32.dll
0x00007ffa73660000 - 0x00007ffa73968000 	C:\WINDOWS\System32\combase.dll
0x00007ffa72a60000 - 0x00007ffa72ad2000 	C:\WINDOWS\System32\bcryptPrimitives.dll
0x00007ffa72fd0000 - 0x00007ffa72ffd000 	C:\WINDOWS\System32\IMM32.DLL
0x0000000070ab0000 - 0x0000000070b82000 	C:\Program Files\Java\jdk1.8.0_101\jre\bin\msvcr100.dll
0x000000006f2d0000 - 0x000000006fb6a000 	C:\Program Files\Java\jdk1.8.0_101\jre\bin\server\jvm.dll
0x00007ffa73e40000 - 0x00007ffa73e48000 	C:\WINDOWS\System32\PSAPI.DLL
0x00007ffa70260000 - 0x00007ffa70269000 	C:\WINDOWS\SYSTEM32\WSOCK32.dll
0x00007ffa6d6b0000 - 0x00007ffa6d6d3000 	C:\WINDOWS\SYSTEM32\WINMM.dll
0x00007ffa67fc0000 - 0x00007ffa67fca000 	C:\WINDOWS\SYSTEM32\VERSION.dll
0x00007ffa73000000 - 0x00007ffa7306c000 	C:\WINDOWS\System32\WS2_32.dll
0x00007ffa6d660000 - 0x00007ffa6d68a000 	C:\WINDOWS\SYSTEM32\WINMMBASE.dll
0x00007ffa71ae0000 - 0x00007ffa71b2a000 	C:\WINDOWS\System32\cfgmgr32.dll
0x00000000713a0000 - 0x00000000713af000 	C:\Program Files\Java\jdk1.8.0_101\jre\bin\verify.dll
0x0000000070ef0000 - 0x0000000070f19000 	C:\Program Files\Java\jdk1.8.0_101\jre\bin\java.dll
0x0000000070ed0000 - 0x0000000070ee6000 	C:\Program Files\Java\jdk1.8.0_101\jre\bin\zip.dll

VM Arguments:
jvm_args: -Dfile.encoding=UTF-8 
java_command: visao.areaFarmacia.ConsultarPedidosFarmacia
java_class_path (initial): C:\Program Files\NetBeans 8.1\ide\modules\ext\mysql-connector-java-5.1.23-bin.jar;C:\Program Files\NetBeans 8.1\java\modules\ext\AbsoluteLayout.jar;D:\Repositorios\iMeds-java\build\classes
Launcher Type: SUN_STANDARD

Environment Variables:
PATH=C:\ProgramData\Oracle\Java\javapath;C:\Program Files (x86)\Intel\iCLS Client\;C:\Program Files\Intel\iCLS Client\;C:\Windows\system32;C:\Windows;C:\Windows\System32\Wbem;C:\Windows\System32\WindowsPowerShell\v1.0\;C:\Program Files (x86)\Intel\Intel(R) Management Engine Components\DAL;C:\Program Files\Intel\Intel(R) Management Engine Components\DAL;C:\Program Files (x86)\Intel\Intel(R) Management Engine Components\IPT;C:\Program Files\Intel\Intel(R) Management Engine Components\IPT;C:\Program Files (x86)\NVIDIA Corporation\PhysX\Common;C:\WINDOWS\system32;C:\WINDOWS;C:\WINDOWS\System32\Wbem;C:\WINDOWS\System32\WindowsPowerShell\v1.0\;C:\Program Files (x86)\Skype\Phone\;C:\Program Files\MySQL\MySQL Utilities 1.6\;C:\Program Files\Git\cmd;C:\Program Files\MongoDB\Server\3.4\bin;C:\Program Files\Microsoft SQL Server\130\Tools\Binn\;C:\Program Files\dotnet\;C:\Program Files (x86)\Microsoft SQL Server\110\Tools\Binn\;C:\Program Files\Microsoft SQL Server\110\Tools\Binn\;C:\Program Files\Microsoft SQL Server\110\DTS\Binn\;C:\Program Files (x86)\Microsoft SQL Server\110\Tools\Binn\ManagementStudio\;C:\Program Files (x86)\Microsoft Visual Studio 10.0\Common7\IDE\PrivateAssemblies\;C:\Program Files (x86)\Microsoft SQL Server\110\DTS\Binn\;C:\Program Files (x86)\IVI Foundation\VISA\WinNT\Bin;C:\Program Files\Python36;C:\Program Files\Python36\Scripts;C:\Users\Isao Felipe Morigaki\AppData\Local\Microsoft\WindowsApps;C:\Program Files (x86)\Microsoft VS Code\bin;C:\Python27;C:\Python27\Scripts;C:\Users\Isao Felipe Morigaki\AppData\Local\atom\bin;C:\Users\Isao Felipe Morigaki\AppData\Local\Microsoft\WindowsApps;C:\Program Files\Git\bin;C:\Program Files\MongoDB\Server\3.4\bin
USERNAME=Isao Felipe Morigaki
OS=Windows_NT
PROCESSOR_IDENTIFIER=Intel64 Family 6 Model 61 Stepping 4, GenuineIntel



---------------  S Y S T E M  ---------------

OS: Windows 10.0 , 64 bit Build 16299 (10.0.16299.15)

CPU:total 4 (2 cores per cpu, 2 threads per core) family 6 model 61 stepping 4, cmov, cx8, fxsr, mmx, sse, sse2, sse3, ssse3, sse4.1, sse4.2, popcnt, avx, avx2, aes, clmul, erms, 3dnowpref, lzcnt, ht, tsc, tscinvbit, bmi1, bmi2, adx

Memory: 4k page, physical 8288656k(2784344k free), swap 10251664k(5568k free)

vm_info: Java HotSpot(TM) 64-Bit Server VM (25.101-b13) for windows-amd64 JRE (1.8.0_101-b13), built on Jun 22 2016 01:21:29 by "java_re" with MS VC++ 10.0 (VS2010)

time: Mon Dec 04 22:50:36 2017
elapsed time: 0 seconds (0d 0h 0m 0s)

